ParseStarterProject/build/intermediates/manifest_merge_blame_file/debug/manifest-merger-blame-debug-report.txt
1<?xml version="1.0" encoding="utf-8"?>
2<manifest xmlns:android="http://schemas.android.com/apk/res/android"
3    package="com.parse.starter"
4    android:versionCode="1"
5    android:versionName="1.0" >
6
7    <uses-sdk
8        android:minSdkVersion="26"
8-->src\main\AndroidManifest.xml
9        android:targetSdkVersion="26" />
9-->src\main\AndroidManifest.xml
10
11    <uses-permission android:name="android.permission.INTERNET" />
11-->src\main\AndroidManifest.xml:5:5-67
11-->src\main\AndroidManifest.xml:5:22-64
12    <uses-permission android:name="android.permission.ACCESS_NETWORK_STATE" />
12-->src\main\AndroidManifest.xml:6:5-79
12-->src\main\AndroidManifest.xml:6:22-76
13    <uses-permission android:name="android.permission.READ_EXTERNAL_STORAGE" />
13-->src\main\AndroidManifest.xml:7:5-80
13-->src\main\AndroidManifest.xml:7:22-77
14    <uses-permission android:name="android.permission.ACCESS_FINE_LOCATION" />
14-->src\main\AndroidManifest.xml:8:5-79
14-->src\main\AndroidManifest.xml:8:22-76
15
16    <!-- Optional permission for Analytics to run. -->
17    <uses-permission android:name="android.permission.WAKE_LOCK" /> <!-- Permissions required for GCM -->
17-->[com.google.android.gms:play-services-analytics:9.4.0] AndroidManifest.xml:25:5-67
17-->[com.google.android.gms:play-services-analytics:9.4.0] AndroidManifest.xml:25:22-65
18    <uses-permission android:name="com.google.android.c2dm.permission.RECEIVE" />
18-->[com.google.android.gms:play-services-gcm:9.4.0] AndroidManifest.xml:21:5-82
18-->[com.google.android.gms:play-services-gcm:9.4.0] AndroidManifest.xml:21:22-79
19
20    <uses-feature
20-->[com.google.android.gms:play-services-maps:9.4.0] AndroidManifest.xml:22:5-24:33
21        android:glEsVersion="0x00020000"
21-->[com.google.android.gms:play-services-maps:9.4.0] AndroidManifest.xml:23:8-40
22        android:required="true" />
22-->[com.google.android.gms:play-services-maps:9.4.0] AndroidManifest.xml:24:8-31
23
24    <permission
24-->[com.google.firebase:firebase-iid:9.4.0] AndroidManifest.xml:25:5-26:47
25        android:name="com.parse.starter.permission.C2D_MESSAGE"
25-->[com.google.firebase:firebase-iid:9.4.0] AndroidManifest.xml:25:17-71
26        android:protectionLevel="signature" />
26-->[com.google.firebase:firebase-iid:9.4.0] AndroidManifest.xml:26:9-44
27
28    <uses-permission android:name="com.parse.starter.permission.C2D_MESSAGE" />
28-->[com.google.firebase:firebase-iid:9.4.0] AndroidManifest.xml:28:5-79
28-->[com.google.firebase:firebase-iid:9.4.0] AndroidManifest.xml:28:22-76
29
30    <application
30-->src\main\AndroidManifest.xml:10:5-26:19
31        android:name="com.parse.starter.StarterApplication"
31-->src\main\AndroidManifest.xml:11:9-43
32        android:allowBackup="true"
32-->src\main\AndroidManifest.xml:12:9-35
33        android:debuggable="true"
34        android:extractNativeLibs="false"
35        android:icon="@mipmap/ic_launcher"
35-->src\main\AndroidManifest.xml:13:9-43
36        android:label="Drive Monitoring v.1"
36-->src\main\AndroidManifest.xml:14:9-45
37        android:testOnly="true"
38        android:theme="@style/AppTheme" >
38-->src\main\AndroidManifest.xml:15:9-40
39        <activity android:name="com.parse.starter.UserListActivity" />
39-->src\main\AndroidManifest.xml:16:9-63
39-->src\main\AndroidManifest.xml:16:19-51
40        <activity
40-->src\main\AndroidManifest.xml:17:9-25:20
41            android:name="com.parse.starter.MainActivity"
41-->src\main\AndroidManifest.xml:18:13-41
42            android:label="DriveMonitoring" >
42-->src\main\AndroidManifest.xml:19:13-44
43            <intent-filter>
43-->src\main\AndroidManifest.xml:20:13-24:29
44                <action android:name="android.intent.action.MAIN" />
44-->src\main\AndroidManifest.xml:21:17-69
44-->src\main\AndroidManifest.xml:21:25-66
45
46                <category android:name="android.intent.category.LAUNCHER" />
46-->src\main\AndroidManifest.xml:23:17-77
46-->src\main\AndroidManifest.xml:23:27-74
47            </intent-filter>
48        </activity>
49
50        <receiver android:name="com.google.android.gms.cast.framework.media.MediaIntentReceiver" />
50-->[com.google.android.gms:play-services-cast-framework:9.4.0] AndroidManifest.xml:6:9-100
50-->[com.google.android.gms:play-services-cast-framework:9.4.0] AndroidManifest.xml:6:19-97
51
52        <service android:name="com.google.android.gms.cast.framework.media.MediaNotificationService" />
52-->[com.google.android.gms:play-services-cast-framework:9.4.0] AndroidManifest.xml:7:9-104
52-->[com.google.android.gms:play-services-cast-framework:9.4.0] AndroidManifest.xml:7:18-101
53        <service android:name="com.google.android.gms.cast.framework.ReconnectionService" />
53-->[com.google.android.gms:play-services-cast-framework:9.4.0] AndroidManifest.xml:8:9-92
53-->[com.google.android.gms:play-services-cast-framework:9.4.0] AndroidManifest.xml:8:18-90
54
55        <meta-data
55-->[com.android.support:appcompat-v7:26.0.0] AndroidManifest.xml:26:9-28:38
56            android:name="android.support.VERSION"
56-->[com.android.support:appcompat-v7:26.0.0] AndroidManifest.xml:27:13-51
57            android:value="26.0.0" /> <!-- Include the AdActivity and InAppPurchaseActivity configChanges and themes. -->
57-->[com.android.support:appcompat-v7:26.0.0] AndroidManifest.xml:28:13-35
58        <activity
58-->[com.google.android.gms:play-services-ads-lite:9.4.0] AndroidManifest.xml:26:9-29:64
59            android:name="com.google.android.gms.ads.AdActivity"
59-->[com.google.android.gms:play-services-ads-lite:9.4.0] AndroidManifest.xml:27:13-65
60            android:configChanges="keyboard|keyboardHidden|orientation|screenLayout|uiMode|screenSize|smallestScreenSize"
60-->[com.google.android.gms:play-services-ads-lite:9.4.0] AndroidManifest.xml:28:13-122
61            android:theme="@android:style/Theme.Translucent" />
61-->[com.google.android.gms:play-services-ads-lite:9.4.0] AndroidManifest.xml:29:13-61
62        <activity
62-->[com.google.android.gms:play-services-ads-lite:9.4.0] AndroidManifest.xml:30:9-31:52
63            android:name="com.google.android.gms.ads.purchase.InAppPurchaseActivity"
63-->[com.google.android.gms:play-services-ads-lite:9.4.0] AndroidManifest.xml:30:19-91
64            android:theme="@style/Theme.IAPTheme" />
64-->[com.google.android.gms:play-services-ads-lite:9.4.0] AndroidManifest.xml:31:13-50
65        <activity
65-->[com.google.android.gms:play-services-appinvite:9.4.0] AndroidManifest.xml:21:9-29:20
66            android:name="com.google.android.gms.appinvite.PreviewActivity"
66-->[com.google.android.gms:play-services-appinvite:9.4.0] AndroidManifest.xml:22:17-48
67            android:exported="true"
67-->[com.google.android.gms:play-services-appinvite:9.4.0] AndroidManifest.xml:23:17-40
68            android:theme="@style/Theme.AppInvite.Preview" >
68-->[com.google.android.gms:play-services-appinvite:9.4.0] AndroidManifest.xml:24:17-63
69            <intent-filter>
69-->[com.google.android.gms:play-services-appinvite:9.4.0] AndroidManifest.xml:25:13-28:29
70                <action android:name="com.google.android.gms.appinvite.ACTION_PREVIEW" />
70-->[com.google.android.gms:play-services-appinvite:9.4.0] AndroidManifest.xml:26:17-89
70-->[com.google.android.gms:play-services-appinvite:9.4.0] AndroidManifest.xml:26:25-87
71
72                <category android:name="android.intent.category.DEFAULT" />
72-->[com.google.android.gms:play-services-appinvite:9.4.0] AndroidManifest.xml:27:17-75
72-->[com.google.android.gms:play-services-appinvite:9.4.0] AndroidManifest.xml:27:27-73
73            </intent-filter>
74        </activity>
75        <activity
75-->[com.google.android.gms:play-services-auth:9.4.0] AndroidManifest.xml:21:9-24:46
76            android:name="com.google.android.gms.auth.api.signin.internal.SignInHubActivity"
76-->[com.google.android.gms:play-services-auth:9.4.0] AndroidManifest.xml:21:19-68
77            android:excludeFromRecents="true"
77-->[com.google.android.gms:play-services-auth:9.4.0] AndroidManifest.xml:23:19-52
78            android:exported="false"
78-->[com.google.android.gms:play-services-auth:9.4.0] AndroidManifest.xml:24:19-43
79            android:theme="@android:style/Theme.Translucent.NoTitleBar" />
79-->[com.google.android.gms:play-services-auth:9.4.0] AndroidManifest.xml:22:19-78
80        <!--
81Service handling Google Sign-In user revocation. For apps that do not integrate with
82            Google Sign-In, this service will never be started.
83        -->
84        <service
84-->[com.google.android.gms:play-services-auth:9.4.0] AndroidManifest.xml:28:9-31:110
85            android:name="com.google.android.gms.auth.api.signin.RevocationBoundService"
85-->[com.google.android.gms:play-services-auth:9.4.0] AndroidManifest.xml:29:13-58
86            android:exported="true"
86-->[com.google.android.gms:play-services-auth:9.4.0] AndroidManifest.xml:30:13-36
87            android:permission="com.google.android.gms.auth.api.signin.permission.REVOCATION_NOTIFICATION" />
87-->[com.google.android.gms:play-services-auth:9.4.0] AndroidManifest.xml:31:13-107
88        <service
88-->[com.google.firebase:firebase-crash:9.4.0] AndroidManifest.xml:26:9-27:50
89            android:name="com.google.firebase.crash.internal.service.FirebaseCrashReceiverService"
89-->[com.google.firebase:firebase-crash:9.4.0] AndroidManifest.xml:26:18-79
90            android:process=":background_crash" />
90-->[com.google.firebase:firebase-crash:9.4.0] AndroidManifest.xml:27:13-48
91        <service
91-->[com.google.firebase:firebase-crash:9.4.0] AndroidManifest.xml:29:9-30:50
92            android:name="com.google.firebase.crash.internal.service.FirebaseCrashSenderService"
92-->[com.google.firebase:firebase-crash:9.4.0] AndroidManifest.xml:29:18-77
93            android:process=":background_crash" />
93-->[com.google.firebase:firebase-crash:9.4.0] AndroidManifest.xml:30:13-48
94
95        <activity
95-->[com.google.android.gms:play-services-base:9.4.0] AndroidManifest.xml:20:9-22:45
96            android:name="com.google.android.gms.common.api.GoogleApiActivity"
96-->[com.google.android.gms:play-services-base:9.4.0] AndroidManifest.xml:20:19-85
97            android:exported="false"
97-->[com.google.android.gms:play-services-base:9.4.0] AndroidManifest.xml:22:19-43
98            android:theme="@android:style/Theme.Translucent.NoTitleBar" />
98-->[com.google.android.gms:play-services-base:9.4.0] AndroidManifest.xml:21:19-78
99        <!--
100 FirebaseMessagingService performs security checks at runtime,
101             no need for explicit permissions despite exported="true"
102        -->
103        <service
103-->[com.google.firebase:firebase-messaging:9.4.0] AndroidManifest.xml:24:9-30:19
104            android:name="com.google.firebase.messaging.FirebaseMessagingService"
104-->[com.google.firebase:firebase-messaging:9.4.0] AndroidManifest.xml:25:13-82
105            android:exported="true" >
105-->[com.google.firebase:firebase-messaging:9.4.0] AndroidManifest.xml:26:13-36
106            <intent-filter android:priority="-500" >
106-->[com.google.firebase:firebase-messaging:9.4.0] AndroidManifest.xml:27:13-29:29
106-->[com.google.firebase:firebase-messaging:9.4.0] AndroidManifest.xml:27:28-51
107                <action android:name="com.google.firebase.MESSAGING_EVENT" />
107-->[com.google.firebase:firebase-messaging:9.4.0] AndroidManifest.xml:28:17-78
107-->[com.google.firebase:firebase-messaging:9.4.0] AndroidManifest.xml:28:25-75
108            </intent-filter>
109        </service>
110        <service
110-->[com.google.android.gms:play-services-tagmanager-api:9.4.0] AndroidManifest.xml:25:9-27:42
111            android:name="com.google.android.gms.tagmanager.TagManagerService"
111-->[com.google.android.gms:play-services-tagmanager-api:9.4.0] AndroidManifest.xml:25:18-84
112            android:enabled="true"
112-->[com.google.android.gms:play-services-tagmanager-api:9.4.0] AndroidManifest.xml:27:17-39
113            android:exported="false" />
113-->[com.google.android.gms:play-services-tagmanager-api:9.4.0] AndroidManifest.xml:26:17-41
114
115        <activity
115-->[com.google.android.gms:play-services-tagmanager-api:9.4.0] AndroidManifest.xml:28:9-37:20
116            android:name="com.google.android.gms.tagmanager.TagManagerPreviewActivity"
116-->[com.google.android.gms:play-services-tagmanager-api:9.4.0] AndroidManifest.xml:29:13-87
117            android:noHistory="true" > <!-- optional, removes the previewActivity from the activity stack. -->
117-->[com.google.android.gms:play-services-tagmanager-api:9.4.0] AndroidManifest.xml:30:13-37
118            <intent-filter>
118-->[com.google.android.gms:play-services-tagmanager-api:9.4.0] AndroidManifest.xml:31:13-36:29
119                <data android:scheme="tagmanager.c.com.parse.starter" />
119-->[com.google.android.gms:play-services-tagmanager-api:9.4.0] AndroidManifest.xml:32:17-72
119-->[com.google.android.gms:play-services-tagmanager-api:9.4.0] AndroidManifest.xml:32:23-69
120
121                <action android:name="android.intent.action.VIEW" />
121-->[com.google.android.gms:play-services-tagmanager-api:9.4.0] AndroidManifest.xml:33:17-69
121-->[com.google.android.gms:play-services-tagmanager-api:9.4.0] AndroidManifest.xml:33:25-66
122
123                <category android:name="android.intent.category.DEFAULT" />
123-->[com.google.android.gms:play-services-appinvite:9.4.0] AndroidManifest.xml:27:17-75
123-->[com.google.android.gms:play-services-appinvite:9.4.0] AndroidManifest.xml:27:27-73
124                <category android:name="android.intent.category.BROWSABLE" />
124-->[com.google.android.gms:play-services-tagmanager-api:9.4.0] AndroidManifest.xml:35:17-77
124-->[com.google.android.gms:play-services-tagmanager-api:9.4.0] AndroidManifest.xml:35:27-75
125            </intent-filter>
126        </activity>
127
128        <receiver
128-->[com.google.firebase:firebase-analytics:9.4.0] AndroidManifest.xml:28:7-34:18
129            android:name="com.google.android.gms.measurement.AppMeasurementReceiver"
129-->[com.google.firebase:firebase-analytics:9.4.0] AndroidManifest.xml:29:11-83
130            android:enabled="true" >
130-->[com.google.firebase:firebase-analytics:9.4.0] AndroidManifest.xml:30:11-33
131            <intent-filter>
131-->[com.google.firebase:firebase-analytics:9.4.0] AndroidManifest.xml:31:9-33:25
132                <action android:name="com.google.android.gms.measurement.UPLOAD" />
132-->[com.google.firebase:firebase-analytics:9.4.0] AndroidManifest.xml:32:11-77
132-->[com.google.firebase:firebase-analytics:9.4.0] AndroidManifest.xml:32:19-75
133            </intent-filter>
134        </receiver>
135
136        <service
136-->[com.google.firebase:firebase-analytics:9.4.0] AndroidManifest.xml:36:7-39:37
137            android:name="com.google.android.gms.measurement.AppMeasurementService"
137-->[com.google.firebase:firebase-analytics:9.4.0] AndroidManifest.xml:37:11-82
138            android:enabled="true"
138-->[com.google.firebase:firebase-analytics:9.4.0] AndroidManifest.xml:38:11-33
139            android:exported="false" />
139-->[com.google.firebase:firebase-analytics:9.4.0] AndroidManifest.xml:39:11-35
140
141        <receiver
141-->[com.google.firebase:firebase-iid:9.4.0] AndroidManifest.xml:32:9-41:20
142            android:name="com.google.firebase.iid.FirebaseInstanceIdReceiver"
142-->[com.google.firebase:firebase-iid:9.4.0] AndroidManifest.xml:33:13-78
143            android:exported="true"
143-->[com.google.firebase:firebase-iid:9.4.0] AndroidManifest.xml:34:13-36
144            android:permission="com.google.android.c2dm.permission.SEND" >
144-->[com.google.firebase:firebase-iid:9.4.0] AndroidManifest.xml:35:13-73
145            <intent-filter>
145-->[com.google.firebase:firebase-iid:9.4.0] AndroidManifest.xml:36:13-40:29
146                <action android:name="com.google.android.c2dm.intent.RECEIVE" />
146-->[com.google.firebase:firebase-iid:9.4.0] AndroidManifest.xml:37:17-81
146-->[com.google.firebase:firebase-iid:9.4.0] AndroidManifest.xml:37:25-78
147                <action android:name="com.google.android.c2dm.intent.REGISTRATION" />
147-->[com.google.firebase:firebase-iid:9.4.0] AndroidManifest.xml:38:17-86
147-->[com.google.firebase:firebase-iid:9.4.0] AndroidManifest.xml:38:25-83
148
149                <category android:name="com.parse.starter" />
149-->[com.google.firebase:firebase-iid:9.4.0] AndroidManifest.xml:39:17-61
149-->[com.google.firebase:firebase-iid:9.4.0] AndroidManifest.xml:39:27-58
150            </intent-filter>
151        </receiver>
152        <!--
153 Internal (not exported) receiver used by the app to start its own exported services
154             without risk of being spoofed.
155        -->
156        <receiver
156-->[com.google.firebase:firebase-iid:9.4.0] AndroidManifest.xml:45:9-47:40
157            android:name="com.google.firebase.iid.FirebaseInstanceIdInternalReceiver"
157-->[com.google.firebase:firebase-iid:9.4.0] AndroidManifest.xml:46:13-86
158            android:exported="false" />
158-->[com.google.firebase:firebase-iid:9.4.0] AndroidManifest.xml:47:13-37
159        <!--
160 FirebaseInstanceIdService performs security checks at runtime,
161             no need for explicit permissions despite exported="true"
162        -->
163        <service
163-->[com.google.firebase:firebase-iid:9.4.0] AndroidManifest.xml:51:9-57:19
164            android:name="com.google.firebase.iid.FirebaseInstanceIdService"
164-->[com.google.firebase:firebase-iid:9.4.0] AndroidManifest.xml:52:13-77
165            android:exported="true" >
165-->[com.google.firebase:firebase-iid:9.4.0] AndroidManifest.xml:53:13-36
166            <intent-filter android:priority="-500" >
166-->[com.google.firebase:firebase-iid:9.4.0] AndroidManifest.xml:54:13-56:29
166-->[com.google.firebase:firebase-iid:9.4.0] AndroidManifest.xml:54:28-51
167                <action android:name="com.google.firebase.INSTANCE_ID_EVENT" />
167-->[com.google.firebase:firebase-iid:9.4.0] AndroidManifest.xml:55:17-80
167-->[com.google.firebase:firebase-iid:9.4.0] AndroidManifest.xml:55:25-77
168            </intent-filter>
169        </service>
170
171        <provider
171-->[com.google.firebase:firebase-common:9.4.0] AndroidManifest.xml:7:9-11:39
172            android:name="com.google.firebase.provider.FirebaseInitProvider"
172-->[com.google.firebase:firebase-common:9.4.0] AndroidManifest.xml:9:13-58
173            android:authorities="com.parse.starter.firebaseinitprovider"
173-->[com.google.firebase:firebase-common:9.4.0] AndroidManifest.xml:8:13-72
174            android:exported="false"
174-->[com.google.firebase:firebase-common:9.4.0] AndroidManifest.xml:10:13-37
175            android:initOrder="100" />
175-->[com.google.firebase:firebase-common:9.4.0] AndroidManifest.xml:11:13-36
176
177        <meta-data
177-->[com.google.android.gms:play-services-basement:9.4.0] AndroidManifest.xml:21:9-23:69
178            android:name="com.google.android.gms.version"
178-->[com.google.android.gms:play-services-basement:9.4.0] AndroidManifest.xml:22:13-58
179            android:value="@integer/google_play_services_version" />
179-->[com.google.android.gms:play-services-basement:9.4.0] AndroidManifest.xml:23:13-66
180    </application>
181
182</manifest>